0 info it worked if it ends with ok
1 verbose cli [ 'C:\\Program Files\\nodejs\\node.exe',
1 verbose cli   'C:\\Program Files\\nodejs\\node_modules\\npm\\bin\\npm-cli.js',
1 verbose cli   'run',
1 verbose cli   'dist' ]
2 info using npm@3.10.10
3 info using node@v6.10.1
4 verbose run-script [ 'predist', 'dist', 'postdist' ]
5 info lifecycle Kiteshare@1.0.4~predist: Kiteshare@1.0.4
6 silly lifecycle Kiteshare@1.0.4~predist: no script for predist, continuing
7 info lifecycle Kiteshare@1.0.4~dist: Kiteshare@1.0.4
8 verbose lifecycle Kiteshare@1.0.4~dist: unsafe-perm in lifecycle true
9 verbose lifecycle Kiteshare@1.0.4~dist: PATH: C:\Program Files\nodejs\node_modules\npm\bin\node-gyp-bin;D:\Work\Projects\Kiteshare\desktop\node_modules\.bin;C:\Windows\system32;C:\Windows;C:\Windows\System32\Wbem;C:\Windows\System32\WindowsPowerShell\v1.0\;C:\Program Files\nodejs\;C:\Program Files (x86)\Windows Kits\8.1\Windows Performance Toolkit\;C:\Users\natur\AppData\Local\Microsoft\WindowsApps;C:\Users\natur\AppData\Local\atom\bin;C:\Users\natur\AppData\Roaming\npm
10 verbose lifecycle Kiteshare@1.0.4~dist: CWD: D:\Work\Projects\Kiteshare\desktop
11 silly lifecycle Kiteshare@1.0.4~dist: Args: [ '/d /s /c', 'build' ]
12 silly lifecycle Kiteshare@1.0.4~dist: Returned: code: 4294967295  signal: null
13 info lifecycle Kiteshare@1.0.4~dist: Failed to exec dist script
14 verbose stack Error: Kiteshare@1.0.4 dist: `build`
14 verbose stack Exit status 4294967295
14 verbose stack     at EventEmitter.<anonymous> (C:\Program Files\nodejs\node_modules\npm\lib\utils\lifecycle.js:255:16)
14 verbose stack     at emitTwo (events.js:106:13)
14 verbose stack     at EventEmitter.emit (events.js:191:7)
14 verbose stack     at ChildProcess.<anonymous> (C:\Program Files\nodejs\node_modules\npm\lib\utils\spawn.js:40:14)
14 verbose stack     at emitTwo (events.js:106:13)
14 verbose stack     at ChildProcess.emit (events.js:191:7)
14 verbose stack     at maybeClose (internal/child_process.js:886:16)
14 verbose stack     at Process.ChildProcess._handle.onexit (internal/child_process.js:226:5)
15 verbose pkgid Kiteshare@1.0.4
16 verbose cwd D:\Work\Projects\Kiteshare\desktop
17 error Windows_NT 10.0.14393
18 error argv "C:\\Program Files\\nodejs\\node.exe" "C:\\Program Files\\nodejs\\node_modules\\npm\\bin\\npm-cli.js" "run" "dist"
19 error node v6.10.1
20 error npm  v3.10.10
21 error code ELIFECYCLE
22 error Kiteshare@1.0.4 dist: `build`
22 error Exit status 4294967295
23 error Failed at the Kiteshare@1.0.4 dist script 'build'.
23 error Make sure you have the latest version of node.js and npm installed.
23 error If you do, this is most likely a problem with the Kiteshare package,
23 error not with npm itself.
23 error Tell the author that this fails on your system:
23 error     build
23 error You can get information on how to open an issue for this project with:
23 error     npm bugs Kiteshare
23 error Or if that isn't available, you can get their info via:
23 error     npm owner ls Kiteshare
23 error There is likely additional logging output above.
24 verbose exit [ 1, true ]
